1	Yr	1,1	y | y	Rha | YFB	Rhaperth | YFB	
2	wyf	1,2	bod	B	Bpres1u	
3	fy	1,3	fy	Rha	Rhadib1u	
4	yn	1,4	yn	U	Uberf	
5	byw	1,5	byw	B	Be	
6	yng	1,6	yn	Ar	Arsym	
7	Nghaerdydd	1,7	Caerdydd	E	Ep	+nm
8	.	1,8	.	Atd	Atdt	
9	Cydbwyseth	2,1	Cydbwyseth	E	Ep	
10	.	2,2	.	Atd	Atdt	
11	cyd-ddigwyddiad	3,1	cyd-ddigwyddiad	unk	unk	
12	.	3,2	.	Atd	Atdt	
13	cydweithwyr	4,1	cydweithiwr	E	Egll	
14	.	4,2	.	Atd	Atdt	
15	cydfyw	5,1	cydfyw	B	Be	
16	.	5,2	.	Atd	Atdt	
17	cydfynd	6,1	cydfynd	B	Be	
18	.	6,2	.	Atd	Atdt	
19	Dych	7,1	bod	B	Bpres2ll	
20	chwi	7,2	chwi	unk	unk	
21	yn	7,3	yn	U	Uberf	
22	mynd	7,4	mynd	B	Be	
23	i	7,5	i	Ar	Arsym	
24	'r	7,6	y	YFB	YFB	
25	Gaerdydd	7,7	Caerdydd	E	Ep	+sm
26	?	7,8	?	Atd	Atdt	
27	gwrthblaid	8,1	gwrthblaid	E	Ebu	
28	gwrthgynhyrchiol	9,1	gwrthgynhyrchiol	unk	unk	
29	hunanbarch	10,1	hunanbarch	E	Egu	
30	hunanladdiad	11,1	hunanladdiad	E	Egu	
31	rhagweld	12,1	rhagweld	B	Be	
32	!	12,2	!	Atd	Atdt	
33	rhagfarn	13,1	rhagfarn	E	Ebu	
34	.	13,2	.	Atd	Atdt	
35	ymolchi	14,1	ymolchi | ymolchi	B | B	Be | Bpres2u	
36	.	14,2	.	Atd	Atdt	
37	ymladd	15,1	ymladd | ymladd	E | B	Egu | Be	
38	.	15,2	.	Atd	Atdt	
39	afresymol	16,1	afresymol	Ans	Anscadu	
40	aflwyddianus	17,1	aflwyddianus	unk	unk	
41	didrafferth	18,1	didrafferth	Ans	Anscadu	
42	di-Gymraeg	19,1	Cymraeg	Ans	Anscadu	
43	dibaid	20,1	dibaid	unk	unk	
44	anghofio	21,1	anghofio	B	Be	
45	annhebyg	22,1	annhebyg	Ans	Anscadu	
46	?	22,2	?	Atd	Atdt	
47	annarllenadwy	23,1	annarllenadwy	Ans	Anscadu	
48	;	23,2	;	Atd	Atdcan	
49	anghyson	24,1	anghyson	Ans	Anscadu	
50	amhosib	25,1	amhosib	Ans	Anscadu	
51	amhendant	26,1	amhendant	unk	unk	
52	anrhefn	27,1	anrhefn	unk	unk	
53	Wrth	28,1	wrth	Ar	Arsym	
54	lwc	28,2	lwc	E	Ebu	
55	roedd	28,3	bod	B	Bamherff3u	
56	Hercule	28,4	Hercule	E	Ep	
57	Poirot	28,5	Poirot	E	Ep	
58	,	28,6	,	Atd	Atdcan	
59	y	28,7	y	YFB	YFB	
60	ditectif	28,8	ditectif	unk	unk	
61	Belgaid	28,9	Belgaid	E	Ep	
62	enwog	28,10	enwog	Ans	Anscadu	
63	,	28,11	,	Atd	Atdcan	
64	yn	28,12	yn	U	Uberf	
65	aros	28,13	aros	B	Be	
66	yng	28,14	yn	Ar	Arsym	
67	Ngogledd	28,15	gogledd	E	Egu	+nm
68	Cymru	28,16	Cymru	E	Epb	
69	pan	28,17	pan	Cys	Cyscyd	
70	ddigwyddodd	28,18	digwydd	B	Bgorff3u	+sm
71	y	28,19	y	YFB	YFB	
72	trasiedi	28,20	trasiedi	unk	unk	
73	yno	28,21	yno	Adf	Adf	
74	.	28,22	.	Atd	Atdt	
75	Onibai	29,1	onibai	Cys	Cyscyd	
76	am	29,2	am	Ar	Arsym	
77	hyn	29,3	hwn	pron.demd	pron.demd	
78	,	29,4	,	Atd	Atdcan	
79	basai	29,5	bod	B	Bgorb3u	
80	'r	29,6	y	YFB	YFB	
81	dirgelwch	29,7	dirgelwch	E	Egu	
82	hwn	29,8	hwn	Rha	Rhadangg	
83	yn	29,9	yn	U	Uberf	
84	dal	29,10	dal	B	Be	
85	heb	29,11	heb	Ar	Arsym	
86	ei	29,12	ei	Rha	Rhadib3bu	
87	esbonio	29,13	esbonio	B	Be	
88	hyd	29,14	hyd	E	Egu	
89	heddiw	29,15	heddiw	Adf	Adf	
90	.	29,16	.	Atd	Atdt	
91	Ond	30,1	ond	Cys	Cyscyd	
92	gadewch	30,2	gadael | gadael	B | B	Bpres2ll | Bgorch2ll	
93	if	30,3	if	unk	unk	
94	fynd	30,4	mynd	B	Be	+sm
95	yn	30,5	yn	U	Utra	
96	ol	30,6	holl	Ans	Anscadu	
97	i	30,7	i	Ar	Arsym	
98	'r	30,8	y	YFB	YFB	
99	dechrau	30,9	dechrau	E	Egu	
100	..	30,10	..	Atd	Atdt	
101	.	30,11	.	Atd	Atdt	
102	Bu	31,1	bod	B	Bgorff3u	
103	rhaid	31,2	rhaid	E	Egu	
104	i	31,3	i	Rha	Rhapers1u	
105	Monsieur	31,4	Monsieur	E	Ep	
106	Poirot	31,5	Poirot	E	Ep	
107	adael	31,6	gadael	B	Be	+sm
108	ei	31,7	ei	Rha	Rhadib3bu	
109	fflat	31,8	fflat	E	Ebu	
110	yng	31,9	yn	Ar	Arsym	
111	nghanol	31,10	canol	E	Egu	+nm
112	Llundain	31,11	Llundain	E	Epb	
113	pan	31,12	pan	Cys	Cyscyd	
114	benderfynodd	31,13	penderfynu	B	Bgorff3u	+sm
115	awdurdodau	31,14	awdurdod	E	Egbll	
116	y	31,15	y	YFB	YFB	
117	ddinas	31,16	dinas	E	Ebu	+sm
118	ail-balmantu	31,17	ail-balmantu	unk	unk	
119	ei	31,18	ei	Rha	Rhadib3bu	
120	stryd	31,19	stryd	E	Ebu	
121	.	31,20	.	Atd	Atdt	
122	Roedd	32,1	bod	B	Bamherff3u	
123	sw	32,2	sw	unk	unk	
124	+	32,3	+	Gw	Gwsym	
125	n	32,4	n	Gw	Gwllyth	
126	y	32,5	y	YFB	YFB	
127	peiriannau	32,6	peiriant	E	Egll	
128	dan	32,7	dan	Ar	Arsym	
129	ei	32,8	ei	Rha	Rhadib3bu	
130	ffenestri	32,9	ffenestr	E	Ebll	
131	yn	32,10	yn	U	Utra	
132	ofnadwy	32,11	ofnadwy	Ans	Anscadu	
133	,	32,12	,	Atd	Atdcan	
134	a	32,13	a	Cys	Cyscyd	
135	'r	32,14	y	YFB	YFB	
136	llwch	32,15	llwch	E	Egu	
137	yn	32,16	yn	U	Uberf	
138	dod	32,17	dod	B	Be	
139	i	32,18	i	Rha	Rhapers1u	
140	mewn	32,19	mewn	Ar	Arsym	
141	ac	32,20	a	Cys	Cyscyd	
142	yn	32,21	yn	U	Uberf	
143	setlo	32,22	setlo	B	Be	
144	ym	32,23	yn	Ar	Arsym	
145	mhobman	32,24	man	Adf	Adf	+nm
146	.	32,25	.	Atd	Atdt	
147	Dyn	33,1	dyn | bod	E | B	Egu | Bpres3ll	
148	twt	33,2	twt	Ans	Anscadu	
149	a	33,3	a	Cys	Cyscyd	
150	thaclus	33,4	taclus	Ans	Anscadu	+am
151	ydy	33,5	bod	B	Bpres3u	
152	M.	33,6	m.	Gw	Gwllyth	
153	Poirot	33,7	Poirot	E	Ep	
154	,	33,8	,	Atd	Atdcan	
155	fel	33,9	fel	Cys	Cyscyd	
156	mae	33,10	bod	B	Bpres3u	
157	pawb	33,11	pawb	unk	unk	
158	yn	33,12	yn	U	Uberf	
159	gwybod	33,13	gwybod	B	Be	
160	,	33,14	,	Atd	Atdcan	
161	ac	33,15	a	Cys	Cyscyd	
162	yn	33,16	yn	U	Uberf	
163	casáu	33,17	casáu	B	Be	
164	anrhefn	33,18	anrhefn	unk	unk	
165	a	33,19	a	Cys	Cyscyd	
166	sw	33,20	sw	unk	unk	
167	+	33,21	+	Gw	Gwsym	
168	n	33,22	n	Gw	Gwllyth	
169	a	33,23	a	Cys	Cyscyd	
170	llwch	33,24	llwch	E	Egu	
171	yn	33,25	yn	Ar	Arsym	
172	anad	33,26	anad	Ar	Arsym	
173	dim	33,27	dim	E	Egu	
174	.	33,28	.	Atd	Atdt	
175	Yn	34,1	yn	U	Uberf	
176	dilyn	34,2	dilyn	B	Be	
177	cyngor	34,3	cyngor	E	Egu	
178	ei	34,4	ei	Rha	Rhadib3bu	
179	ffrind	34,5	ffrind	E	Egu	
180	Colonel	34,6	Colonel	E	Ep	
181	Hastings	34,7	Hastings	E	Ep	
182	,	34,8	,	Atd	Atdcan	
183	felly	34,9	felly	Adf	Adf	
184	,	34,10	,	Atd	Atdcan	
185	aeth	34,11	mynd	B	Bgorff3u	
186	M.	34,12	m.	Gw	Gwllyth	
187	Poirot	34,13	Poirot	E	Ep	
188	i	34,14	i	Ar	Arsym	
189	Gymru	34,15	Cymru	E	Epb	+sm
190	,	34,16	,	Atd	Atdcan	
191	i	34,17	i	Ar	Arsym	
192	dreulio	34,18	treulio	B	Be	+sm
193	pythefnos	34,19	pythefnos	E	Egbu	
194	yn	34,20	yn	U	Utra	
195	yr	34,21	y	YFB	YFB	
196	awyr	34,22	awyr	E	Ebu	
197	iach	34,23	iach	Ans	Anscadu	
198	,	34,24	,	Atd	Atdcan	
199	ymhell	34,25	ymhell	Adf	Adf	
200	o	34,26	o	Ar	Arsym	
201	sw	34,27	sw	unk	unk	
202	+	34,28	+	Gw	Gwsym	
203	n	34,29	n	Gw	Gwllyth	
204	a	34,30	a	Cys	Cyscyd	
205	mwg	34,31	mwg	E	Egu	
206	y	34,32	y	YFB	YFB	
207	ddinas	34,33	dinas	E	Ebu	+sm
208	fawr	34,34	mawr	Ans	Anscadu	+sm
209	.	34,35	.	Atd	Atdt	
210	Cyn	35,1	cyn	Ar	Arsym	
211	hir	35,2	hir	Ans	Anscadu	
212	roedd	35,3	bod	B	Bamherff3u	
213	Poirot	35,4	Poirot	E	Ep	
214	ymysg	35,5	ymysg	Ar	Arsym	
215	y	35,6	y	YFB	YFB	
216	mynyddoedd	35,7	mynydd	E	Egll	
217	Cymreig	35,8	Cymreig	Ans	Anscadu	
218	,	35,9	,	Atd	Atdcan	
219	yn	35,10	yn	U	Uberf	
220	aros	35,11	aros	B	Be	
221	mewn	35,12	mewn	Ar	Arsym	
222	Gwely	35,13	gwely	E	Egu	
223	a	35,14	a	Cys	Cyscyd	
224	Brecwast	35,15	brecwast	E	Egbu	
225	mewn	35,16	mewn	Ar	Arsym	
226	pentref	35,17	pentref	E	Egu	
227	gwledig	35,18	gwledig	Ans	Anscadu	
228	yng	35,19	yn	Ar	Arsym	
229	nghysgod	35,20	cysgod	E	Egu	+nm
230	yr	35,21	y	YFB	YFB	
231	Wyddfa	35,22	Wyddfa	E	Epb	
232	.	35,23	.	Atd	Atdt
